<?xml version="1.0" encoding="UTF-8"?>
<!-- Generated by org.testng.reporters.JUnitReportReporter -->
<testsuite skipped="0" hostname="DESKTOP-BPNON4T" name="TestClasses.TestClass" tests="2" failures="0" timestamp="30 Sep 2020 13:22:11 GMT" time="17.563" errors="0">
  <testcase name="serchTest" time="9.148" classname="TestClasses.TestClass"/>
  <testcase name="loginTest" time="8.415" classname="TestClasses.TestClass"/>
</testsuite> <!-- TestClasses.TestClass -->
