<?xml version="1.0" encoding="UTF-8"?>
<!-- Generated by org.testng.reporters.JUnitReportReporter -->
<testsuite skipped="0" hostname="DESKTOP-BPNON4T" name="TestClasses.TestClass" tests="2" failures="0" timestamp="16 Oct 2020 13:11:26 GMT" time="15.602" errors="0">
  <testcase name="serchTest" time="8.067" classname="TestClasses.TestClass"/>
  <testcase name="loginTest" time="7.535" classname="TestClasses.TestClass"/>
</testsuite> <!-- TestClasses.TestClass -->
