<?xml version="1.0" encoding="UTF-8"?>
<!-- Generated by org.testng.reporters.JUnitReportReporter -->
<testsuite skipped="0" hostname="DESKTOP-BPNON4T" name="TestClasses.TestClass" tests="2" failures="0" timestamp="17 Oct 2020 20:38:46 GMT" time="23.845" errors="0">
  <testcase name="serchTest" time="16.696" classname="TestClasses.TestClass"/>
  <testcase name="serchTest" time="7.149" classname="TestClasses.TestClass"/>
</testsuite> <!-- TestClasses.TestClass -->
